2017-05-07; 17:01:28.717 [main] INFO  eu.eidas.auth.engine.configuration.dom.DOMConfigurator  - - -ERROR : Encryption module configuration not found. SAML Engine  'Service' in non-encryption mode! #1# [u3mPqu2COdGxXap0NjK+FEM8BJVjqsSvj511yJUVW48=]
2017-05-07; 17:01:28.882 [main] INFO  eu.eidas.auth.engine.configuration.dom.DOMConfigurator  - - -ERROR : Encryption module configuration not found. SAML Engine  'METADATA' in non-encryption mode! #2# [qU+bkZrvaQYAnuWMKpx4sssYQfDSwjN9TRZoB+Qo/ho=]
2017-05-07; 17:01:29.935 [main] INFO  eu.eidas.auth.engine.xml.opensaml.AssertionUtil SAML_EXCHANGE - - -BUSINESS EXCEPTION : ipAddress is null or empty #3# [qVCu/s46l3lqrqw+enJQRxRBgsAvNqrPmSO5WN5orlw=]
2017-05-07; 17:01:29.939 [main] ERROR e.e.a.e.c.dom.ReloadableProtocolConfigurationInvocationHandler  - - - #4# [au+VKGruYLntWqnGVFDKD46oltNAtwSL7dNeUe1EIAw=]
java.lang.reflect.InvocationTargetException: null #5# [Y06IBR2+9od11RJxc+xPMicYYaDLzjotCuiou5I5ABU=]
	at sun.reflect.NativeMethodAccessorImpl.invoke0(Native Method) ~[na:1.8.0_121] #6# [OxsyDfTtsV4Iemkbp9vyJQ1mIk7zqI7PmXR8jMCRiXc=]
	at sun.reflect.NativeMethodAccessorImpl.invoke(NativeMethodAccessorImpl.java:62) ~[na:1.8.0_121] #7# [p8FN5E/sjhlanKUrbA41lyP0yhDdSr9gUGs2+9SkHA0=]
	at sun.reflect.DelegatingMethodAccessorImpl.invoke(DelegatingMethodAccessorImpl.java:43) ~[na:1.8.0_121] #8# [WYPkk0wnLvUt9m0R4bk1gcBTWkbj3Hd176CyScRx0Wk=]
	at java.lang.reflect.Method.invoke(Method.java:498) ~[na:1.8.0_121] #9# [72lxjNjHwQBqU0Srv6FvqVT2UGJ4yo5vpTHodL5jNo0=]
	at eu.eidas.auth.engine.configuration.dom.ReloadableProtocolConfigurationInvocationHandler.invoke(ReloadableProtocolConfigurationInvocationHandler.java:169) ~[eidas-saml-engine-1.2.0.jar:na] #10# [s+TDk45Vpm8T3kdUfutK2zbd2G81As7bW0zhOFtWUAc=]
	at com.sun.proxy.$Proxy14.marshallErrorResponse(Unknown Source) [na:na] #11# [CP0AqI+T+jgWc4BkzK1FZ8rN8eb4BVkYbAgJAUEuZXo=]
	at eu.eidas.auth.engine.ProtocolEngine.generateResponseErrorMessage(ProtocolEngine.java:262) [eidas-saml-engine-1.2.0.jar:na] #12# [pCgnhq7T39jpsdg/2+gCC7/UEDtFeJKLMlXxC+vO0Hw=]
	at eu.eidas.node.auth.connector.AUCONNECTORSAML.generateErrorAuthenticationResponse(AUCONNECTORSAML.java:224) [classes/:na] #13# [0ku4yB9x2nffJcFEhyiRhs7E0ORIvPVMHD4rX9bRjCE=]
	at eu.eidas.node.auth.connector.AUCONNECTORSAML.generateErrorAuthenticationResponse(AUCONNECTORSAML.java:199) [classes/:na] #14# [MDv/f5gal8gQBdvvLNfEx/8bo1CPYpKdWSC2yDQz6HA=]
	at eu.eidas.node.auth.connector.AUCONNECTORSAML.generateErrorAuthenticationResponse(AUCONNECTORSAML.java:177) [classes/:na] #15# [9SPrn4QGcMPORReg6kL9i/QGjvGXdWLNqTdBb7NFoIM=]
	at eu.eidas.node.auth.connector.tests.AUCONNECTORSAMLTestCase.testGenerateErrorAuthenticationResponseInvalidSamlData(AUCONNECTORSAMLTestCase.java:201) [test-classes/:na] #16# [U3teXZdcF76pYRWSMAkE6sDzBzYnTMfyCChGO/B+c1c=]
	at sun.reflect.NativeMethodAccessorImpl.invoke0(Native Method) ~[na:1.8.0_121] #17# [ZuSc9bsrXLdL9GyX+YQNLIbUaO6yQsRhC1cWt9ugIf8=]
	at sun.reflect.NativeMethodAccessorImpl.invoke(NativeMethodAccessorImpl.java:62) ~[na:1.8.0_121] #18# [W1kM1tC1j0HyMrW9MZaYSOcA6ZqMguJN42IEVqXiYLA=]
	at sun.reflect.DelegatingMethodAccessorImpl.invoke(DelegatingMethodAccessorImpl.java:43) ~[na:1.8.0_121] #19# [hBdyt79IM4HjXjA8pxxy5uKdjeQkKTD8zzfDMlpqKXc=]
	at java.lang.reflect.Method.invoke(Method.java:498) ~[na:1.8.0_121] #20# [W0frjDbCpvjYHORFDiwxHtBX1gIwIJHnqjyHUUFEKmE=]
	at org.junit.runners.model.FrameworkMethod$1.runReflectiveCall(FrameworkMethod.java:50) [junit-4.12.jar:4.12] #21# [9t7YAvL0rdQKGeScSuV8x1IXn+69n8Rvb0tgwVIcHTc=]
	at org.junit.internal.runners.model.ReflectiveCallable.run(ReflectiveCallable.java:12) [junit-4.12.jar:4.12] #22# [yransYiX49qcouy14buE1cRjkGSbSvioYrUTQ2kWOKg=]
	at org.junit.runners.model.FrameworkMethod.invokeExplosively(FrameworkMethod.java:47) [junit-4.12.jar:4.12] #23# [CVH8pUkxZzFUdYFN9szpLhlqQ9Rg3M0YrVICquq01I8=]
	at org.junit.internal.runners.statements.InvokeMethod.evaluate(InvokeMethod.java:17) [junit-4.12.jar:4.12] #24# [os9UfAIOxPaiyQfq2hVCWX1ERZDP+92BvEB5IkeUm1M=]
	at org.junit.internal.runners.statements.ExpectException.evaluate(ExpectException.java:19) [junit-4.12.jar:4.12] #25# [CrvOtaR0ast7p6bzAh0DjU+Pacdy+YERzlGJSDusA8g=]
	at org.junit.runners.ParentRunner.runLeaf(ParentRunner.java:325) [junit-4.12.jar:4.12] #26# [Iik2ye1VqXubJLdoJeV7ACi1urCr+M7XCBzqI9MeWSE=]
	at org.junit.runners.BlockJUnit4ClassRunner.runChild(BlockJUnit4ClassRunner.java:78) [junit-4.12.jar:4.12] #27# [PtR/WjpMOhsIcJBCRsO2fl/cysqis3t+IUfb9lPpOQw=]
	at org.junit.runners.BlockJUnit4ClassRunner.runChild(BlockJUnit4ClassRunner.java:57) [junit-4.12.jar:4.12] #28# [w+zxu9R28wTXflr6rudZeUueL5GUdzQ6n2Yns5wCrVs=]
	at org.junit.runners.ParentRunner$3.run(ParentRunner.java:290) [junit-4.12.jar:4.12] #29# [a4P6uQh23pum6PoGBNDQmtmOxULnYxi0Xb9uHaEWeyw=]
	at org.junit.runners.ParentRunner$1.schedule(ParentRunner.java:71) [junit-4.12.jar:4.12] #30# [M5d57jToVOU3JwMK9eTh8IghC9IATbnYJKmkNLgJdYA=]
	at org.junit.runners.ParentRunner.runChildren(ParentRunner.java:288) [junit-4.12.jar:4.12] #31# [iO0YR5cMX7SMhJdPFCWua7Vru7DzXIHx4eC661WQoZ8=]
	at org.junit.runners.ParentRunner.access$000(ParentRunner.java:58) [junit-4.12.jar:4.12] #32# [Rc61R51d5PkVNHlMfVnrfcJGhnqpemJk3xhvzaByRpo=]
	at org.junit.runners.ParentRunner$2.evaluate(ParentRunner.java:268) [junit-4.12.jar:4.12] #33# [O1eOYAIGtz7bEm6yczFMPseynfKY18d9pRTiOmfneoI=]
	at org.junit.internal.runners.statements.RunBefores.evaluate(RunBefores.java:26) [junit-4.12.jar:4.12] #34# [fm2g/HB5sh0QBN0pLaOBnJ13F64ELHR9ok3Kzxa8NzY=]
	at org.junit.runners.ParentRunner.run(ParentRunner.java:363) [junit-4.12.jar:4.12] #35# [zeM4WPJuMiDunn1+UCRr0Q8zEXFLRKE/osPgWQHs0sw=]
	at org.apache.maven.surefire.junit4.JUnit4Provider.execute(JUnit4Provider.java:367) [surefire-junit4-2.19.1.jar:2.19.1] #36# [gR9ofw1EXXexq6Uf7H0GiyYL4sSXjjwi5ex4A+keozo=]
	at org.apache.maven.surefire.junit4.JUnit4Provider.executeWithRerun(JUnit4Provider.java:274) [surefire-junit4-2.19.1.jar:2.19.1] #37# [qVsmcY1jo43hRLUZsPGiF9qvAPJzb2b0QH+ZLxuqB/E=]
	at org.apache.maven.surefire.junit4.JUnit4Provider.executeTestSet(JUnit4Provider.java:238) [surefire-junit4-2.19.1.jar:2.19.1] #38# [TeNN+hw4Hqe/0NLKz1XgBLk8k92ukNTMelrZGYq8nQg=]
	at org.apache.maven.surefire.junit4.JUnit4Provider.invoke(JUnit4Provider.java:161) [surefire-junit4-2.19.1.jar:2.19.1] #39# [pRIfA+Zk7F47FY++Jfq1gN3vW3cUico5yKNqeDO6wTA=]
	at org.apache.maven.surefire.booter.ForkedBooter.invokeProviderInSameClassLoader(ForkedBooter.java:290) [surefire-booter-2.19.1.jar:2.19.1] #40# [C25QLLuDXO13wRm5b46EoBUPfF3za+mcGNrOnOppDjU=]
	at org.apache.maven.surefire.booter.ForkedBooter.runSuitesInProcess(ForkedBooter.java:242) [surefire-booter-2.19.1.jar:2.19.1] #41# [v/mzpvFwN0TCncLnzKZjD2wExU+CZSoILSG0Pb3l+MQ=]
	at org.apache.maven.surefire.booter.ForkedBooter.main(ForkedBooter.java:121) [surefire-booter-2.19.1.jar:2.19.1] #42# [OwJjIz8o9QpQPrqJFzZ9Zhlp4SfMaFDjX2mN+iIQtIk=]
Caused by: eu.eidas.engine.exceptions.EIDASSAMLEngineException: Error (no. internalError.code) processing request : internalError.code - ipAddress is null or empty #43# [X5CBYOHaWhKP2XoqgVPMeim4whRb0txHZiKl3rOq2oo=]
	at eu.eidas.auth.engine.xml.opensaml.AssertionUtil.addSubjectToAssertion(AssertionUtil.java:164) ~[eidas-saml-engine-1.2.0.jar:na] #44# [OkRfpiQ2YUvqY55bpHeu7FldJPGfcwUNgN3VHKWBHO0=]
	at eu.eidas.auth.engine.xml.opensaml.AssertionUtil.generateResponseAssertion(AssertionUtil.java:116) ~[eidas-saml-engine-1.2.0.jar:na] #45# [SwCzKHm735wbXJ61m9y657jLc8CwSQh1ymaWgPRbCyw=]
	at eu.eidas.auth.engine.core.eidas.EidasProtocolProcessor.marshallErrorResponse(EidasProtocolProcessor.java:1241) ~[eidas-saml-engine-1.2.0.jar:na] #46# [nR4Pc/aeH4hBZacBgeJWRxxeIl2Tij4Zw3mO86l+y4Q=]
	... 37 common frames omitted #47# [guUkKKY3XCOw2HrvNY/gLQwXIfs3k282+gdAdSGtnRw=]
2017-05-07; 17:01:29.941 [main] INFO  eu.eidas.node.auth.connector.AUCONNECTORSAML  - - -BUSINESS EXCEPTION : Error generating SAMLToken #48# [NEKog8Mn7827GGunbbeCs5g5NvV3N7b7e/qxEanOmQk=]
eu.eidas.engine.exceptions.EIDASSAMLEngineException: Error (no. internalError.code) processing request : internalError.code - ipAddress is null or empty #49# [hNl2GRsuaJes2im2d4PWWDqKBrz4hIc1jxSpnuKB8SM=]
	at eu.eidas.auth.engine.xml.opensaml.AssertionUtil.addSubjectToAssertion(AssertionUtil.java:164) ~[eidas-saml-engine-1.2.0.jar:na] #50# [tWne6gIF9YVqdyQFV9pYbQv9QdkSEEhCpJI2eLWfomo=]
	at eu.eidas.auth.engine.xml.opensaml.AssertionUtil.generateResponseAssertion(AssertionUtil.java:116) ~[eidas-saml-engine-1.2.0.jar:na] #51# [+bdHpLzMmsH/Y1fV04ukp93LhJmW055WM8S8zj9ht5s=]
	at eu.eidas.auth.engine.core.eidas.EidasProtocolProcessor.marshallErrorResponse(EidasProtocolProcessor.java:1241) ~[eidas-saml-engine-1.2.0.jar:na] #52# [2SaAI4RAYN1WKJsNwPjrsPbUdYYYfOYM1Af2BwTxihg=]
	at sun.reflect.NativeMethodAccessorImpl.invoke0(Native Method) ~[na:1.8.0_121] #53# [pugITACe/3v9uoWUdLzEzs6CvEJMBhv0jtkTDazRnM8=]
	at sun.reflect.NativeMethodAccessorImpl.invoke(NativeMethodAccessorImpl.java:62) ~[na:1.8.0_121] #54# [AoWdoROndRP9avBbtz+6H+VbYDVJ8Xr5KSzTUNh1UAM=]
	at sun.reflect.DelegatingMethodAccessorImpl.invoke(DelegatingMethodAccessorImpl.java:43) ~[na:1.8.0_121] #55# [32I63b4ZgL9qE0RxdxOFqVH1ovfhjmzVzRRV/GO7nNs=]
	at java.lang.reflect.Method.invoke(Method.java:498) ~[na:1.8.0_121] #56# [PNF3xmGmg0xZRnyBUW85AQv7Bi1Hb9AjNoYC/rHZ8zQ=]
	at eu.eidas.auth.engine.configuration.dom.ReloadableProtocolConfigurationInvocationHandler.invoke(ReloadableProtocolConfigurationInvocationHandler.java:169) ~[eidas-saml-engine-1.2.0.jar:na] #57# [hciIlQLynyXgt/8gxJhNvGv4BKEayYSmn3uCMOS6bzo=]
	at com.sun.proxy.$Proxy14.marshallErrorResponse(Unknown Source) ~[na:na] #58# [pG6MdOknc+kGyY8Gi66mXHroTC9UFNGhjZqzoihh0vY=]
	at eu.eidas.auth.engine.ProtocolEngine.generateResponseErrorMessage(ProtocolEngine.java:262) ~[eidas-saml-engine-1.2.0.jar:na] #59# [NbxeNt0rwIvT+VitHflKuwbaF+RWctTSwJDgI8M0lFs=]
	at eu.eidas.node.auth.connector.AUCONNECTORSAML.generateErrorAuthenticationResponse(AUCONNECTORSAML.java:224) [classes/:na] #60# [gmHVRVRjhXBR90xkikhDVLi+RiKjZzaqEBR2PojATcg=]
	at eu.eidas.node.auth.connector.AUCONNECTORSAML.generateErrorAuthenticationResponse(AUCONNECTORSAML.java:199) [classes/:na] #61# [duzHQk+WEotABrp4ZrPlQNKdQpMN0tvY7cBvrGL8PYs=]
	at eu.eidas.node.auth.connector.AUCONNECTORSAML.generateErrorAuthenticationResponse(AUCONNECTORSAML.java:177) [classes/:na] #62# [KGa4DczYEOmdhZB2GsyBD0aZ7JZ/bNpIIgQOSCZGjvc=]
	at eu.eidas.node.auth.connector.tests.AUCONNECTORSAMLTestCase.testGenerateErrorAuthenticationResponseInvalidSamlData(AUCONNECTORSAMLTestCase.java:201) [test-classes/:na] #63# [mOTPm60PvNFZD5vwJb1aJbeSpM6tnI/sAhyp3/5v7Xw=]
	at sun.reflect.NativeMethodAccessorImpl.invoke0(Native Method) ~[na:1.8.0_121] #64# [ef0Ha8gbvb7ltUcyV46I0LiNhn5yphZj6+Mm66Nk0ag=]
	at sun.reflect.NativeMethodAccessorImpl.invoke(NativeMethodAccessorImpl.java:62) ~[na:1.8.0_121] #65# [Ne1bnkff5sZm5cXCzGkkWrqIu5x7E6ROugZAAq/jh2w=]
	at sun.reflect.DelegatingMethodAccessorImpl.invoke(DelegatingMethodAccessorImpl.java:43) ~[na:1.8.0_121] #66# [Zfo9wCwN0snxSKWsrYyNAu0BKfSgzKkiOdQuwF42KAo=]
	at java.lang.reflect.Method.invoke(Method.java:498) ~[na:1.8.0_121] #67# [jduitC74lKLwzUO7/IJVRTLGMSTFweyFH8cmN/kj3Z4=]
	at org.junit.runners.model.FrameworkMethod$1.runReflectiveCall(FrameworkMethod.java:50) [junit-4.12.jar:4.12] #68# [Lf6p0m64qzuQ993kR7NwKVaDu30oVJD67qZGrO/6xA4=]
	at org.junit.internal.runners.model.ReflectiveCallable.run(ReflectiveCallable.java:12) [junit-4.12.jar:4.12] #69# [p0vlJBEKe/9JaDawvKAFJIqWBkMxYEDXWG2w2OWRnjM=]
	at org.junit.runners.model.FrameworkMethod.invokeExplosively(FrameworkMethod.java:47) [junit-4.12.jar:4.12] #70# [3A7Gy0jDRxZfS/q85tMyUsuBUcFlOrhTGY5Db4edTmI=]
	at org.junit.internal.runners.statements.InvokeMethod.evaluate(InvokeMethod.java:17) [junit-4.12.jar:4.12] #71# [YDPuXPPXM10e5RaqThnxlxOnUDPpaTHJYewjUGhCwGQ=]
	at org.junit.internal.runners.statements.ExpectException.evaluate(ExpectException.java:19) [junit-4.12.jar:4.12] #72# [pWf2AIfsum11a0HybqL0xEb3ARL3sIySGDtqzsrrSTc=]
	at org.junit.runners.ParentRunner.runLeaf(ParentRunner.java:325) [junit-4.12.jar:4.12] #73# [KfADUsvpn2MHTrWC3mNiar0nOOjAmIwRTi81IZhy9Go=]
	at org.junit.runners.BlockJUnit4ClassRunner.runChild(BlockJUnit4ClassRunner.java:78) [junit-4.12.jar:4.12] #74# [9vwJaiT8zJaxGT6SKXGtEH+udXzRHg/BeCON1k5SnzE=]
	at org.junit.runners.BlockJUnit4ClassRunner.runChild(BlockJUnit4ClassRunner.java:57) [junit-4.12.jar:4.12] #75# [polXVNrpF6OnE4u/8w5oJe+ukYXGEm8zHp+MImOHHS8=]
	at org.junit.runners.ParentRunner$3.run(ParentRunner.java:290) [junit-4.12.jar:4.12] #76# [Qfz1zLmLHeENGNdv6NbOqlwVj5d8LEOm/xGfiMRAVxg=]
	at org.junit.runners.ParentRunner$1.schedule(ParentRunner.java:71) [junit-4.12.jar:4.12] #77# [mICi3ALzG/fOmvlU3AaT7eefze+tlbnr/SUY7DM5sSQ=]
	at org.junit.runners.ParentRunner.runChildren(ParentRunner.java:288) [junit-4.12.jar:4.12] #78# [YKwSQF99VOZwgD0JgAsD8HuEMP8feTHySlfrqzTUECs=]
	at org.junit.runners.ParentRunner.access$000(ParentRunner.java:58) [junit-4.12.jar:4.12] #79# [leshFwOYZf3UuezbXC0Ql5lkdOd4ev9+w1is2BKm1Us=]
	at org.junit.runners.ParentRunner$2.evaluate(ParentRunner.java:268) [junit-4.12.jar:4.12] #80# [Nf3pZhHWfsZ4FDmyCVMn9vdso1Nyw/uLw+lOJCdowlI=]
	at org.junit.internal.runners.statements.RunBefores.evaluate(RunBefores.java:26) [junit-4.12.jar:4.12] #81# [zoMXGjJQ3GldoI92ss72QYkSVsS/X6g9qYRF9CJQ03g=]
	at org.junit.runners.ParentRunner.run(ParentRunner.java:363) [junit-4.12.jar:4.12] #82# [XBlw7RcEh6VM0pHH/b6NjnmVTOgnIZIUsg6ebXvKJwA=]
	at org.apache.maven.surefire.junit4.JUnit4Provider.execute(JUnit4Provider.java:367) [surefire-junit4-2.19.1.jar:2.19.1] #83# [eZLVrM8LRZjZ4Q+Te/te8+0nmW7HfFMSL6wNHz4cLh8=]
	at org.apache.maven.surefire.junit4.JUnit4Provider.executeWithRerun(JUnit4Provider.java:274) [surefire-junit4-2.19.1.jar:2.19.1] #84# [KbaH/Gu7ZlmjMUqeLdqwAKDiXLYsVEhvR1TIkn573iE=]
	at org.apache.maven.surefire.junit4.JUnit4Provider.executeTestSet(JUnit4Provider.java:238) [surefire-junit4-2.19.1.jar:2.19.1] #85# [z5QtgV96b7JB6DuY+Bo5s7QGxvJvOyZSDeM8utEJZzo=]
	at org.apache.maven.surefire.junit4.JUnit4Provider.invoke(JUnit4Provider.java:161) [surefire-junit4-2.19.1.jar:2.19.1] #86# [z14TqOtzPkIF/v+QwFFTrjY17I+3uME0kvWqqt1tgb4=]
	at org.apache.maven.surefire.booter.ForkedBooter.invokeProviderInSameClassLoader(ForkedBooter.java:290) [surefire-booter-2.19.1.jar:2.19.1] #87# [U4QPl8qatsroNXzSvNW/9zcJaAV3d0yn5YrBSL0lPIE=]
	at org.apache.maven.surefire.booter.ForkedBooter.runSuitesInProcess(ForkedBooter.java:242) [surefire-booter-2.19.1.jar:2.19.1] #88# [Z5Y+Hyd6+qx+2WmIsPuuRlSY9m7EgkX9UW+mJ5FnOn0=]
	at org.apache.maven.surefire.booter.ForkedBooter.main(ForkedBooter.java:121) [surefire-booter-2.19.1.jar:2.19.1] #89# [OJrtWp67JSLlAvxmcgD48Ha75QVZTC+62bQC+MbIPFw=]
2017-05-07; 17:01:29.950 [main] INFO  eu.eidas.auth.commons.validation.AbstractParameterValidator  - - -ERROR : Invalid parameter [SAMLResponse] is blank #90# [87YuiiEDQq5ann7Ub9BQOKUhWS1o6DTRO24zB5X6SXo=]
2017-05-07; 17:01:29.950 [main] WARN  eu.eidas.auth.commons.validation.AbstractParameterValidator  - - -Invalid parameter [SAMLResponse] value: "null" #91# [NSeGY0x7qVi10j2FYx9M+F/sCwCdYb7B7zDJa59bhFg=]
2017-05-07; 17:01:30.072 [main] WARN  eu.eidas.node.auth.AUNODEUtil SECURITY_WARNING - - -Replay attack : Checking in Eidas Node antiReplayCache for samlId SAML_ID_A !  #92# [DNA5EWi0d0omNvhuY1w/ab/tT1H5LTICAbjkvM6vFi0=]
2017-05-07; 17:01:30.082 [main] INFO  eu.eidas.node.auth.connector.AUCONNECTORUtil  - - -BUSINESS EXCEPTION : SP is untrustable or has an invalid QAALevel: 4 #93# [366cBts2uKY1WWNrbg2i281p8OW73vVwcKFgT7zzzjg=]
2017-05-07; 17:01:34.263 [main] WARN  eu.eidas.node.auth.AUNODEUtil SECURITY_WARNING - - -Replay attack : Checking in Eidas Node antiReplayCache for samlId SAML_ID_A !  #94# [CVRorsp4i6lYHom0H6lyQM+v1KH+56X0JyFlFCgH+FE=]
2017-05-07; 17:01:34.326 [main] ERROR eu.eidas.node.utils.EidasNodeMetadataGenerator  - - -BUSINESS EXCEPTION : Location is null for binding urn:oasis:names:tc:SAML:2.0:bindings:HTTP-POST at http://connectorasIdpurl #95# [UTTIiNCoFXLZR4A0bssu4HtcuWNO4AHuG8W6MkRnRWc=]
2017-05-07; 17:01:34.328 [main] ERROR eu.eidas.node.utils.EidasNodeMetadataGenerator  - - -BUSINESS EXCEPTION : Missing property ${ssos.serviceMetadataGeneratorIDP.redirect.location} for binding urn:oasis:names:tc:SAML:2.0:bindings:HTTP-Redirect at http://connectorasIdpurl #96# [HGILT0ii4VJCJAp5Ma9Nx8sU7o+m7b3517l+UP+hoVk=]
2017-05-07; 17:01:34.329 [main] ERROR eu.eidas